Generated at 2017-11-21 09:25:34 +0000
Chef::Exceptions::ValidationFailed: Option action must be equal to one of: nothing, install, upgrade, remove, purge, reconfig, lock, unlock!  You passed :enable.
/opt/chefdk/embedded/lib/ruby/gems/2.4.0/gems/chef-13.4.19/lib/chef/mixin/params_validate.rb:171:in `_pv_equal_to'
/opt/chefdk/embedded/lib/ruby/gems/2.4.0/gems/chef-13.4.19/lib/chef/mixin/params_validate.rb:107:in `block (2 levels) in validate'
/opt/chefdk/embedded/lib/ruby/gems/2.4.0/gems/chef-13.4.19/lib/chef/mixin/params_validate.rb:104:in `each'
/opt/chefdk/embedded/lib/ruby/gems/2.4.0/gems/chef-13.4.19/lib/chef/mixin/params_validate.rb:104:in `block in validate'
/opt/chefdk/embedded/lib/ruby/gems/2.4.0/gems/chef-13.4.19/lib/chef/mixin/params_validate.rb:94:in `each'
/opt/chefdk/embedded/lib/ruby/gems/2.4.0/gems/chef-13.4.19/lib/chef/mixin/params_validate.rb:94:in `validate'
/opt/chefdk/embedded/lib/ruby/gems/2.4.0/gems/chef-13.4.19/lib/chef/resource.rb:164:in `block in action'
/opt/chefdk/embedded/lib/ruby/gems/2.4.0/gems/chef-13.4.19/lib/chef/resource.rb:163:in `each'
/opt/chefdk/embedded/lib/ruby/gems/2.4.0/gems/chef-13.4.19/lib/chef/resource.rb:163:in `action'
/vagrant/chef/local-mode-cache/cache/cookbooks/main/recipes/default.rb:12:in `block in from_file'
/opt/chefdk/embedded/lib/ruby/gems/2.4.0/gems/chef-13.4.19/lib/chef/resource_builder.rb:66:in `instance_eval'
/opt/chefdk/embedded/lib/ruby/gems/2.4.0/gems/chef-13.4.19/lib/chef/resource_builder.rb:66:in `build'
/opt/chefdk/embedded/lib/ruby/gems/2.4.0/gems/chef-13.4.19/lib/chef/dsl/declare_resource.rb:293:in `build_resource'
/opt/chefdk/embedded/lib/ruby/gems/2.4.0/gems/chef-13.4.19/lib/chef/dsl/declare_resource.rb:250:in `declare_resource'
/opt/chefdk/embedded/lib/ruby/gems/2.4.0/gems/chef-13.4.19/lib/chef/dsl/resources.rb:38:in `package'
/vagrant/chef/local-mode-cache/cache/cookbooks/main/recipes/default.rb:11:in `from_file'
/opt/chefdk/embedded/lib/ruby/gems/2.4.0/gems/chef-13.4.19/lib/chef/mixin/from_file.rb:30:in `instance_eval'
/opt/chefdk/embedded/lib/ruby/gems/2.4.0/gems/chef-13.4.19/lib/chef/mixin/from_file.rb:30:in `from_file'
/opt/chefdk/embedded/lib/ruby/gems/2.4.0/gems/chef-13.4.19/lib/chef/cookbook_version.rb:205:in `load_recipe'
/opt/chefdk/embedded/lib/ruby/gems/2.4.0/gems/chef-13.4.19/lib/chef/run_context.rb:343:in `load_recipe'
/opt/chefdk/embedded/lib/ruby/gems/2.4.0/gems/chef-13.4.19/lib/chef/run_context/cookbook_compiler.rb:163:in `block in compile_recipes'
/opt/chefdk/embedded/lib/ruby/gems/2.4.0/gems/chef-13.4.19/lib/chef/run_context/cookbook_compiler.rb:160:in `each'
/opt/chefdk/embedded/lib/ruby/gems/2.4.0/gems/chef-13.4.19/lib/chef/run_context/cookbook_compiler.rb:160:in `compile_recipes'
/opt/chefdk/embedded/lib/ruby/gems/2.4.0/gems/chef-13.4.19/lib/chef/run_context/cookbook_compiler.rb:77:in `compile'
/opt/chefdk/embedded/lib/ruby/gems/2.4.0/gems/chef-13.4.19/lib/chef/run_context.rb:192:in `load'
/opt/chefdk/embedded/lib/ruby/gems/2.4.0/gems/chef-13.4.19/lib/chef/policy_builder/expand_node_object.rb:97:in `setup_run_context'
/opt/chefdk/embedded/lib/ruby/gems/2.4.0/gems/chef-13.4.19/lib/chef/client.rb:513:in `setup_run_context'
/opt/chefdk/embedded/lib/ruby/gems/2.4.0/gems/chef-13.4.19/lib/chef/client.rb:281:in `run'
/opt/chefdk/embedded/lib/ruby/gems/2.4.0/gems/chef-13.4.19/lib/chef/application.rb:291:in `block in fork_chef_client'
/opt/chefdk/embedded/lib/ruby/gems/2.4.0/gems/chef-13.4.19/lib/chef/application.rb:279:in `fork'
/opt/chefdk/embedded/lib/ruby/gems/2.4.0/gems/chef-13.4.19/lib/chef/application.rb:279:in `fork_chef_client'
/opt/chefdk/embedded/lib/ruby/gems/2.4.0/gems/chef-13.4.19/lib/chef/application.rb:244:in `block in run_chef_client'
/opt/chefdk/embedded/lib/ruby/gems/2.4.0/gems/chef-13.4.19/lib/chef/local_mode.rb:44:in `with_server_connectivity'
/opt/chefdk/embedded/lib/ruby/gems/2.4.0/gems/chef-13.4.19/lib/chef/application.rb:232:in `run_chef_client'
/opt/chefdk/embedded/lib/ruby/gems/2.4.0/gems/chef-13.4.19/lib/chef/application/client.rb:469:in `sleep_then_run_chef_client'
/opt/chefdk/embedded/lib/ruby/gems/2.4.0/gems/chef-13.4.19/lib/chef/application/client.rb:458:in `block in interval_run_chef_client'
/opt/chefdk/embedded/lib/ruby/gems/2.4.0/gems/chef-13.4.19/lib/chef/application/client.rb:457:in `loop'
/opt/chefdk/embedded/lib/ruby/gems/2.4.0/gems/chef-13.4.19/lib/chef/application/client.rb:457:in `interval_run_chef_client'
/opt/chefdk/embedded/lib/ruby/gems/2.4.0/gems/chef-13.4.19/lib/chef/application/client.rb:441:in `run_application'
/opt/chefdk/embedded/lib/ruby/gems/2.4.0/gems/chef-13.4.19/lib/chef/application.rb:59:in `run'
/opt/chefdk/embedded/lib/ruby/gems/2.4.0/gems/chef-13.4.19/lib/chef/application/solo.rb:225:in `run'
/opt/chefdk/embedded/lib/ruby/gems/2.4.0/gems/chef-13.4.19/bin/chef-solo:25:in `<top (required)>'
/usr/bin/chef-solo:267:in `load'
/usr/bin/chef-solo:267:in `<main>'