E, [2017-11-21T12:15:49.889600 #24181] ERROR -- Kitchen: ------Exception-------
E, [2017-11-21T12:15:49.889866 #24181] ERROR -- Kitchen: Class: Kitchen::UserError
E, [2017-11-21T12:15:49.890068 #24181] ERROR -- Kitchen: Message: Kitchen YAML file /vagrant/chef/.kitchen.yml does not exist.
E, [2017-11-21T12:15:49.890191 #24181] ERROR -- Kitchen: ----------------------
E, [2017-11-21T12:15:49.890292 #24181] ERROR -- Kitchen: ------Backtrace-------
E, [2017-11-21T12:15:49.890388 #24181] ERROR -- Kitchen: /opt/chefdk/embedded/lib/ruby/gems/2.4.0/gems/test-kitchen-1.17.0/lib/kitchen/loader/yaml.rb:71:in `read'
E, [2017-11-21T12:15:49.890525 #24181] ERROR -- Kitchen: /opt/chefdk/embedded/lib/ruby/gems/2.4.0/gems/test-kitchen-1.17.0/lib/kitchen/config.rb:147:in `data'
E, [2017-11-21T12:15:49.890652 #24181] ERROR -- Kitchen: /opt/chefdk/embedded/lib/ruby/gems/2.4.0/gems/test-kitchen-1.17.0/lib/kitchen/config.rb:126:in `suites'
E, [2017-11-21T12:15:49.890818 #24181] ERROR -- Kitchen: /opt/chefdk/embedded/lib/ruby/gems/2.4.0/gems/test-kitchen-1.17.0/lib/kitchen/config.rb:177:in `filter_instances'
E, [2017-11-21T12:15:49.890965 #24181] ERROR -- Kitchen: /opt/chefdk/embedded/lib/ruby/gems/2.4.0/gems/test-kitchen-1.17.0/lib/kitchen/config.rb:136:in `build_instances'
E, [2017-11-21T12:15:49.891092 #24181] ERROR -- Kitchen: /opt/chefdk/embedded/lib/ruby/gems/2.4.0/gems/test-kitchen-1.17.0/lib/kitchen/config.rb:112:in `instances'
E, [2017-11-21T12:15:49.891207 #24181] ERROR -- Kitchen: /opt/chefdk/embedded/lib/ruby/gems/2.4.0/gems/test-kitchen-1.17.0/lib/kitchen/command.rb:112:in `filtered_instances'
E, [2017-11-21T12:15:49.891324 #24181] ERROR -- Kitchen: /opt/chefdk/embedded/lib/ruby/gems/2.4.0/gems/test-kitchen-1.17.0/lib/kitchen/command.rb:142:in `parse_subcommand'
E, [2017-11-21T12:15:49.891437 #24181] ERROR -- Kitchen: /opt/chefdk/embedded/lib/ruby/gems/2.4.0/gems/test-kitchen-1.17.0/lib/kitchen/command/list.rb:30:in `call'
E, [2017-11-21T12:15:49.891550 #24181] ERROR -- Kitchen: /opt/chefdk/embedded/lib/ruby/gems/2.4.0/gems/test-kitchen-1.17.0/lib/kitchen/cli.rb:53:in `perform'
E, [2017-11-21T12:15:49.891661 #24181] ERROR -- Kitchen: /opt/chefdk/embedded/lib/ruby/gems/2.4.0/gems/test-kitchen-1.17.0/lib/kitchen/cli.rb:121:in `list'
E, [2017-11-21T12:15:49.891808 #24181] ERROR -- Kitchen: /opt/chefdk/embedded/lib/ruby/gems/2.4.0/gems/thor-0.19.1/lib/thor/command.rb:27:in `run'
E, [2017-11-21T12:15:49.891907 #24181] ERROR -- Kitchen: /opt/chefdk/embedded/lib/ruby/gems/2.4.0/gems/thor-0.19.1/lib/thor/invocation.rb:126:in `invoke_command'
E, [2017-11-21T12:15:49.891983 #24181] ERROR -- Kitchen: /opt/chefdk/embedded/lib/ruby/gems/2.4.0/gems/test-kitchen-1.17.0/lib/kitchen/cli.rb:334:in `invoke_task'
E, [2017-11-21T12:15:49.892054 #24181] ERROR -- Kitchen: /opt/chefdk/embedded/lib/ruby/gems/2.4.0/gems/thor-0.19.1/lib/thor.rb:359:in `dispatch'
E, [2017-11-21T12:15:49.892113 #24181] ERROR -- Kitchen: /opt/chefdk/embedded/lib/ruby/gems/2.4.0/gems/thor-0.19.1/lib/thor/base.rb:440:in `start'
E, [2017-11-21T12:15:49.892170 #24181] ERROR -- Kitchen: /opt/chefdk/embedded/lib/ruby/gems/2.4.0/gems/test-kitchen-1.17.0/bin/kitchen:13:in `block in <top (required)>'
E, [2017-11-21T12:15:49.892225 #24181] ERROR -- Kitchen: /opt/chefdk/embedded/lib/ruby/gems/2.4.0/gems/test-kitchen-1.17.0/lib/kitchen/errors.rb:171:in `with_friendly_errors'
E, [2017-11-21T12:15:49.892286 #24181] ERROR -- Kitchen: /opt/chefdk/embedded/lib/ruby/gems/2.4.0/gems/test-kitchen-1.17.0/bin/kitchen:13:in `<top (required)>'
E, [2017-11-21T12:15:49.892341 #24181] ERROR -- Kitchen: /usr/bin/kitchen:267:in `load'
E, [2017-11-21T12:15:49.892395 #24181] ERROR -- Kitchen: /usr/bin/kitchen:267:in `<main>'
E, [2017-11-21T12:15:49.892449 #24181] ERROR -- Kitchen: ----End Backtrace-----
